{"D:\\Belajar Web Developer\\Frontend Developer\\latihantesting\\gradeCalculations.js": {"path":"D:\\Belajar Web Developer\\Frontend Developer\\latihantesting\\gradeCalculations.js","statementMap":{"0":{"start":{"line":1,"column":21},"end":{"line":7,"column":1}},"1":{"start":{"line":2,"column":27},"end":{"line":2,"column":79}},"2":{"start":{"line":2,"column":54},"end":{"line":2,"column":78}},"3":{"start":{"line":3,"column":2},"end":{"line":3,"column":62}},"4":{"start":{"line":3,"column":25},"end":{"line":3,"column":62}},"5":{"start":{"line":5,"column":20},"end":{"line":5,"column":67}},"6":{"start":{"line":5,"column":53},"end":{"line":5,"column":63}},"7":{"start":{"line":6,"column":2},"end":{"line":6,"column":39}},"8":{"start":{"line":9,"column":26},"end":{"line":20,"column":1}},"9":{"start":{"line":10,"column":20},"end":{"line":10,"column":22}},"10":{"start":{"line":11,"column":18},"end":{"line":11,"column":42}},"11":{"start":{"line":13,"column":2},"end":{"line":19,"column":3}},"12":{"start":{"line":14,"column":4},"end":{"line":14,"column":41}},"13":{"start":{"line":15,"column":4},"end":{"line":15,"column":16}},"14":{"start":{"line":17,"column":4},"end":{"line":17,"column":43}},"15":{"start":{"line":18,"column":4},"end":{"line":18,"column":17}},"16":{"start":{"line":22,"column":0},"end":{"line":25,"column":2}}},"fnMap":{"0":{"name":"(anonymous_0)","decl":{"start":{"line":1,"column":21},"end":{"line":1,"column":22}},"loc":{"start":{"line":1,"column":37},"end":{"line":7,"column":1}},"line":1},"1":{"name":"(anonymous_1)","decl":{"start":{"line":2,"column":44},"end":{"line":2,"column":45}},"loc":{"start":{"line":2,"column":54},"end":{"line":2,"column":78}},"line":2},"2":{"name":"(anonymous_2)","decl":{"start":{"line":5,"column":38},"end":{"line":5,"column":39}},"loc":{"start":{"line":5,"column":53},"end":{"line":5,"column":63}},"line":5},"3":{"name":"(anonymous_3)","decl":{"start":{"line":9,"column":26},"end":{"line":9,"column":27}},"loc":{"start":{"line":9,"column":48},"end":{"line":20,"column":1}},"line":9}},"branchMap":{"0":{"loc":{"start":{"line":3,"column":2},"end":{"line":3,"column":62}},"type":"if","locations":[{"start":{"line":3,"column":2},"end":{"line":3,"column":62}},{"start":{},"end":{}}],"line":3},"1":{"loc":{"start":{"line":13,"column":2},"end":{"line":19,"column":3}},"type":"if","locations":[{"start":{"line":13,"column":2},"end":{"line":19,"column":3}},{"start":{"line":16,"column":9},"end":{"line":19,"column":3}}],"line":13}},"s":{"0":1,"1":3,"2":12,"3":3,"4":0,"5":3,"6":12,"7":3,"8":1,"9":2,"10":2,"11":2,"12":2,"13":2,"14":0,"15":0,"16":1},"f":{"0":3,"1":12,"2":12,"3":2},"b":{"0":[0,3],"1":[2,0]},"_coverageSchema":"1a1c01bbd47fc00a2c39e90264f33305004495a9","hash":"38d0fccc3714293891ebcad54766c190c1832c34"}
}
